<?xml version="1.0" encoding="UTF-8"?>
<!-- Generated by org.testng.reporters.JUnitReportReporter -->
<testsuite hostname="TXCHD-LAP-165" failures="0" tests="3" name="Mock_Selenium_Prepartion.Selenium_Preparation.ReadDataFromXlsx" time="27.329" errors="0" timestamp="2024-07-05T23:49:49 IST" skipped="0">
  <testcase classname="Mock_Selenium_Prepartion.Selenium_Preparation.ReadDataFromXlsx" name="login" time="6.527"/>
  <testcase classname="Mock_Selenium_Prepartion.Selenium_Preparation.ReadDataFromXlsx" name="login" time="14.067"/>
  <testcase classname="Mock_Selenium_Prepartion.Selenium_Preparation.ReadDataFromXlsx" name="login" time="6.735"/>
</testsuite> <!-- Mock_Selenium_Prepartion.Selenium_Preparation.ReadDataFromXlsx -->
