<?xml version="1.0" encoding="UTF-8"?>
<!-- Generated by org.testng.reporters.JUnitReportReporter -->
<testsuite hostname="TXCHD-LAP-165" failures="0" tests="3" name="Mock_Selenium_Prepartion.Selenium_Preparation.datadrivenTesting" time="21.067" errors="0" timestamp="2024-07-05T17:49:04 IST" skipped="0">
  <testcase classname="Mock_Selenium_Prepartion.Selenium_Preparation.datadrivenTesting" name="login" time="7.152"/>
  <testcase classname="Mock_Selenium_Prepartion.Selenium_Preparation.datadrivenTesting" name="login" time="8.644"/>
  <testcase classname="Mock_Selenium_Prepartion.Selenium_Preparation.datadrivenTesting" name="login" time="5.271"/>
</testsuite> <!-- Mock_Selenium_Prepartion.Selenium_Preparation.datadrivenTesting -->
